[2022-04-07 15:12:39] [info] Start Program:
Path:"C:\Users\Dragos\source\repos\OOP_6-7\x64\Debug\OOP_6-7.exe"
Arguments:
Working directory: "C:\Users\Dragos\source\repos\OOP_6-7\OOP_6-7\"
Modules: Selected: C:\Users\Dragos\source\repos\OOP_6-7\x64\Debug\OOP_6-7.exe Excluded: 
Sources: Selected: C:\Users\Dragos\source\repos\OOP_6-7\OOP_6-7 Excluded: Console 
Log Level: Normal
Cover Children: 0
Aggregate by file: 1
Continue after C++ exception: 0
Optimized build support: 0
Export: Binary C:\Users\Dragos\AppData\Local\Temp\xbnenw3i.csu 
Input coverage: 
Unified diff: 
Excluded line regular expressions: 
Substitute pdb source paths: 

[2022-04-07 15:12:39] [info] Module: C:\Users\Dragos\source\repos\OOP_6-7\x64\Debug\OOP_6-7.exe is selected because it matches selected pattern: C:\Users\Dragos\source\repos\OOP_6-7\x64\Debug\OOP_6-7.exe
[2022-04-07 15:12:42] [info] ----------------------------------------------------
[2022-04-07 15:12:42] [info] Coverage binary generated in file: C:\Users\Dragos\AppData\Local\Temp\xbnenw3i.csu
[2022-04-07 15:12:42] [info] ----------------------------------------------------
